\BOOKMARK [1][-]{section.1}{\376\377\000P\000e\000n\000d\000a\000h\000u\000l\000u\000a\000n}{}% 1
\BOOKMARK [1][-]{section.2}{\376\377\000L\000o\000a\000d\000i\000n\000g\000\040\000D\000a\000t\000a\000s\000e\000t\000\040\000d\000a\000n\000\040\000P\000e\000r\000s\000i\000a\000p\000a\000n\000\040\000A\000w\000a\000l}{}% 2
\BOOKMARK [2][-]{subsection.2.1}{\376\377\000I\000m\000p\000o\000r\000t\000\040\000L\000i\000b\000r\000a\000r\000y\000\040\000y\000a\000n\000g\000\040\000D\000i\000p\000e\000r\000l\000u\000k\000a\000n}{section.2}% 3
\BOOKMARK [2][-]{subsection.2.2}{\376\377\000L\000o\000a\000d\000i\000n\000g\000\040\000D\000a\000t\000a\000s\000e\000t\000\040\000I\000r\000i\000s}{section.2}% 4
\BOOKMARK [1][-]{section.3}{\376\377\000V\000i\000s\000u\000a\000l\000i\000s\000a\000s\000i\000\040\000D\000a\000t\000a\000\040\000A\000w\000a\000l}{}% 5
\BOOKMARK [2][-]{subsection.3.1}{\376\377\000V\000i\000s\000u\000a\000l\000i\000s\000a\000s\000i\000\040\000d\000e\000n\000g\000a\000n\000\040\000L\000a\000b\000e\000l\000\040\000A\000s\000l\000i}{section.3}% 6
\BOOKMARK [2][-]{subsection.3.2}{\376\377\000V\000i\000s\000u\000a\000l\000i\000s\000a\000s\000i\000\040\000D\000a\000t\000a\000\040\000T\000a\000n\000p\000a\000\040\000L\000a\000b\000e\000l}{section.3}% 7
\BOOKMARK [1][-]{section.4}{\376\377\000I\000m\000p\000l\000e\000m\000e\000n\000t\000a\000s\000i\000\040\000A\000l\000g\000o\000r\000i\000t\000m\000a\000\040\000K\000-\000m\000e\000a\000n\000s}{}% 8
\BOOKMARK [2][-]{subsection.4.1}{\376\377\000M\000e\000n\000j\000a\000l\000a\000n\000k\000a\000n\000\040\000K\000-\000m\000e\000a\000n\000s}{section.4}% 9
\BOOKMARK [2][-]{subsection.4.2}{\376\377\000E\000v\000a\000l\000u\000a\000s\000i\000\040\000H\000a\000s\000i\000l\000\040\000K\000-\000m\000e\000a\000n\000s}{section.4}% 10
\BOOKMARK [2][-]{subsection.4.3}{\376\377\000E\000l\000b\000o\000w\000\040\000M\000e\000t\000h\000o\000d\000\040\000u\000n\000t\000u\000k\000\040\000K\000-\000m\000e\000a\000n\000s}{section.4}% 11
\BOOKMARK [1][-]{section.5}{\376\377\000I\000m\000p\000l\000e\000m\000e\000n\000t\000a\000s\000i\000\040\000A\000l\000g\000o\000r\000i\000t\000m\000a\000\040\000D\000B\000S\000C\000A\000N}{}% 12
\BOOKMARK [2][-]{subsection.5.1}{\376\377\000M\000e\000n\000j\000a\000l\000a\000n\000k\000a\000n\000\040\000D\000B\000S\000C\000A\000N}{section.5}% 13
\BOOKMARK [2][-]{subsection.5.2}{\376\377\000T\000u\000n\000i\000n\000g\000\040\000P\000a\000r\000a\000m\000e\000t\000e\000r\000\040\000D\000B\000S\000C\000A\000N}{section.5}% 14
\BOOKMARK [2][-]{subsection.5.3}{\376\377\000G\000r\000i\000d\000\040\000S\000e\000a\000r\000c\000h\000\040\000u\000n\000t\000u\000k\000\040\000P\000a\000r\000a\000m\000e\000t\000e\000r\000\040\000D\000B\000S\000C\000A\000N}{section.5}% 15
\BOOKMARK [2][-]{subsection.5.4}{\376\377\000P\000a\000r\000a\000m\000e\000t\000e\000r\000\040\000O\000p\000t\000i\000m\000a\000l\000\040\000D\000B\000S\000C\000A\000N}{section.5}% 16
\BOOKMARK [2][-]{subsection.5.5}{\376\377\000M\000e\000n\000j\000a\000l\000a\000n\000k\000a\000n\000\040\000D\000B\000S\000C\000A\000N\000\040\000d\000e\000n\000g\000a\000n\000\040\000P\000a\000r\000a\000m\000e\000t\000e\000r\000\040\000O\000p\000t\000i\000m\000a\000l}{section.5}% 17
\BOOKMARK [1][-]{section.6}{\376\377\000P\000e\000r\000b\000a\000n\000d\000i\000n\000g\000a\000n\000\040\000K\000-\000m\000e\000a\000n\000s\000\040\000d\000a\000n\000\040\000D\000B\000S\000C\000A\000N}{}% 18
\BOOKMARK [1][-]{section.7}{\376\377\000K\000e\000s\000i\000m\000p\000u\000l\000a\000n}{}% 19
\BOOKMARK [2][-]{subsection.7.1}{\376\377\000H\000a\000s\000i\000l\000\040\000K\000-\000m\000e\000a\000n\000s}{section.7}% 20
\BOOKMARK [2][-]{subsection.7.2}{\376\377\000H\000a\000s\000i\000l\000\040\000D\000B\000S\000C\000A\000N}{section.7}% 21
\BOOKMARK [2][-]{subsection.7.3}{\376\377\000P\000e\000r\000b\000a\000n\000d\000i\000n\000g\000a\000n}{section.7}% 22
\BOOKMARK [1][-]{section.8}{\376\377\000R\000e\000f\000e\000r\000e\000n\000s\000i}{}% 23
